0 info it worked if it ends with ok
1 verbose cli [ '/usr/local/bin/node', '/usr/local/bin/npm', 'run', 'install' ]
2 info using npm@6.14.4
3 info using node@v12.16.3
4 verbose stack Error: missing script: install
4 verbose stack     at run (/usr/local/lib/node_modules/npm/lib/run-script.js:155:19)
4 verbose stack     at /usr/local/lib/node_modules/npm/lib/run-script.js:63:5
4 verbose stack     at /usr/local/lib/node_modules/npm/node_modules/read-package-json/read-json.js:116:5
4 verbose stack     at /usr/local/lib/node_modules/npm/node_modules/read-package-json/read-json.js:436:5
4 verbose stack     at checkBinReferences_ (/usr/local/lib/node_modules/npm/node_modules/read-package-json/read-json.js:391:45)
4 verbose stack     at final (/usr/local/lib/node_modules/npm/node_modules/read-package-json/read-json.js:434:3)
4 verbose stack     at then (/usr/local/lib/node_modules/npm/node_modules/read-package-json/read-json.js:161:5)
4 verbose stack     at /usr/local/lib/node_modules/npm/node_modules/read-package-json/read-json.js:382:12
4 verbose stack     at /usr/local/lib/node_modules/npm/node_modules/graceful-fs/graceful-fs.js:115:16
4 verbose stack     at FSReqCallback.readFileAfterClose [as oncomplete] (internal/fs/read_file_context.js:63:3)
5 verbose cwd /Users/abduldiallo/Desktop/dzanne
6 verbose Darwin 19.4.0
7 verbose argv "/usr/local/bin/node" "/usr/local/bin/npm" "run" "install"
8 verbose node v12.16.3
9 verbose npm  v6.14.4
10 error missing script: install
11 verbose exit [ 1, true ]
